#
# There is insufficient memory for the Java Runtime Environment to continue.
# Native memory allocation (malloc) failed to allocate 1048576 bytes for AllocateHeap
# Possible reasons:
#   The system is out of physical RAM or swap space
#   In 32 bit mode, the process size limit was hit
# Possible solutions:
#   Reduce memory load on the system
#   Increase physical memory or swap space
#   Check if swap backing store is full
#   Use 64 bit Java on a 64 bit OS
#   Decrease Java heap size (-Xmx/-Xms)
#   Decrease number of Java threads
#   Decrease Java thread stack sizes (-Xss)
#   Set larger code cache with -XX:ReservedCodeCacheSize=
# This output file may be truncated or incomplete.
#
#  Out of Memory Error (memory/allocation.inline.hpp:62), pid=110676, tid=110204
#
# JRE version:  (8.0-b132) (build )
# Java VM: Java HotSpot(TM) 64-Bit Server VM (25.0-b70 mixed mode windows-amd64 compressed oops)
# Failed to write core dump. Minidumps are not enabled by default on client versions of Windows
#

---------------  T H R E A D  ---------------

Current thread (0x00000000029f1000):  JavaThread "Unknown thread" [_thread_in_vm, id=110204, stack(0x0000000002540000,0x0000000002640000)]

Stack: [0x0000000002540000,0x0000000002640000]
Native frames: (J=compiled Java code, j=interpreted, Vv=VM code, C=native code)
V  [jvm.dll+0x308e0a]
V  [jvm.dll+0x25df11]
V  [jvm.dll+0x25eb2f]
V  [jvm.dll+0x256505]
V  [jvm.dll+0x25555f]
V  [jvm.dll+0x3c734c]
V  [jvm.dll+0x3c2a17]
V  [jvm.dll+0xe2172]
V  [jvm.dll+0x1f1439]
V  [jvm.dll+0x2227e4]
V  [jvm.dll+0x149f91]
C  [jli.dll+0x458a]
C  [jli.dll+0xc45b]
C  [jli.dll+0xc4ef]
C  [KERNEL32.DLL+0x17bd4]
C  [ntdll.dll+0x6ced1]


---------------  P R O C E S S  ---------------

Java Threads: ( => current thread )

Other Threads:

=>0x00000000029f1000 (exited) JavaThread "Unknown thread" [_thread_in_vm, id=110204, stack(0x0000000002540000,0x0000000002640000)]

VM state:not at safepoint (normal execution)

VM Mutex/Monitor currently owned by a thread: None

Heap:
 PSYoungGen      total 1024K, used 20K [0x0000000780e00000, 0x0000000780f80000, 0x00000007c0000000)
  eden space 512K, 4% used [0x0000000780e00000,0x0000000780e05288,0x0000000780e80000)
  from space 512K, 0% used [0x0000000780f00000,0x0000000780f00000,0x0000000780f80000)
  to   space 512K, 0% used [0x0000000780e80000,0x0000000780e80000,0x0000000780f00000)
 ParOldGen       total 6656K, used 0K [0x0000000702a00000, 0x0000000703080000, 0x0000000780e00000)
  object space 6656K, 0% used [0x0000000702a00000,0x0000000702a00000,0x0000000703080000)
 Metaspace       used 673K, capacity 4480K, committed 4480K, reserved 1056768K
  class space    used 66K, capacity 384K, committed 384K, reserved 1048576K

Card table byte_map: [0x0000000011f40000,0x0000000012530000] byte_map_base: 0x000000000e72b000

Marking Bits: (ParMarkBitMap*) 0x00000000595413b0
 Begin Bits: [0x0000000013130000, 0x0000000016088000)
 End Bits:   [0x0000000016088000, 0x0000000018fe0000)

Polling page: 0x00000000007c0000

CodeCache: size=245760Kb used=327Kb max_used=327Kb free=245432Kb
 bounds [0x0000000002b80000, 0x0000000002df0000, 0x0000000011b80000]
 total_blobs=56 nmethods=0 adapters=37
 compilation: enabled

Compilation events (0 events):
No events

GC Heap History (0 events):
No events

Deoptimization events (0 events):
No events

Internal exceptions (0 events):
No events

Events (10 events):
Event: 0.031 loading class java/lang/Short
Event: 0.032 loading class java/lang/Short done
Event: 0.032 loading class java/lang/Integer
Event: 0.032 loading class java/lang/Integer done
Event: 0.032 loading class java/lang/Long
Event: 0.032 loading class java/lang/Long done
Event: 0.033 loading class java/lang/NullPointerException
Event: 0.033 loading class java/lang/NullPointerException done
Event: 0.033 loading class java/lang/ArithmeticException
Event: 0.033 loading class java/lang/ArithmeticException done


Dynamic libraries:
0x00007ff661f80000 - 0x00007ff661f87000 	C:\Program Files\Java\jdk1.8.0\bin\jps.exe
0x00007ff8d0cc0000 - 0x00007ff8d0eb0000 	C:\Windows\SYSTEM32\ntdll.dll
0x00007ff8cfc60000 - 0x00007ff8cfd12000 	C:\Windows\System32\KERNEL32.DLL
0x00007ff8cdc50000 - 0x00007ff8cdef3000 	C:\Windows\System32\KERNELBASE.dll
0x0000000058990000 - 0x00000000589bc000 	C:\Program Files\Java\jdk1.8.0\bin\jli.dll
0x00000000588b0000 - 0x0000000058982000 	C:\Program Files\Java\jdk1.8.0\bin\MSVCR100.dll
0x00007ff8cf5a0000 - 0x00007ff8cf643000 	C:\Windows\System32\ADVAPI32.dll
0x00007ff8cf500000 - 0x00007ff8cf59e000 	C:\Windows\System32\msvcrt.dll
0x00007ff8cfb50000 - 0x00007ff8cfbe7000 	C:\Windows\System32\sechost.dll
0x00007ff8d0b60000 - 0x00007ff8d0c80000 	C:\Windows\System32\RPCRT4.dll
0x00007ff8cfd20000 - 0x00007ff8cfeb4000 	C:\Windows\System32\USER32.dll
0x00007ff8cdfb0000 - 0x00007ff8cdfd1000 	C:\Windows\System32\win32u.dll
0x00007ff8d0a60000 - 0x00007ff8d0a86000 	C:\Windows\System32\GDI32.dll
0x00007ff8bc090000 - 0x00007ff8bc315000 	C:\Windows\WinSxS\amd64_microsoft.windows.common-controls_6595b64144ccf1df_6.0.18362.592_none_e6c0b1911312be02\COMCTL32.dll
0x00007ff8ce280000 - 0x00007ff8ce414000 	C:\Windows\System32\gdi32full.dll
0x00007ff8ceed0000 - 0x00007ff8cf206000 	C:\Windows\System32\combase.dll
0x00007ff8ce420000 - 0x00007ff8ce4be000 	C:\Windows\System32\msvcp_win.dll
0x00007ff8ce180000 - 0x00007ff8ce27a000 	C:\Windows\System32\ucrtbase.dll
0x00007ff8ce4f0000 - 0x00007ff8ce570000 	C:\Windows\System32\bcryptPrimitives.dll
0x00007ff8cf420000 - 0x00007ff8cf44e000 	C:\Windows\System32\IMM32.DLL
0x00000000595c0000 - 0x0000000059692000 	C:\Program Files\Java\jdk1.8.0\jre\bin\msvcr100.dll
0x0000000058d90000 - 0x00000000595ba000 	C:\Program Files\Java\jdk1.8.0\jre\bin\server\jvm.dll
0x00007ff8cedd0000 - 0x00007ff8cedd8000 	C:\Windows\System32\PSAPI.DLL
0x00007ff8c63f0000 - 0x00007ff8c6414000 	C:\Windows\SYSTEM32\WINMM.dll
0x00007ff8b29f0000 - 0x00007ff8b29f9000 	C:\Windows\SYSTEM32\WSOCK32.dll
0x00007ff8c63b0000 - 0x00007ff8c63dd000 	C:\Windows\SYSTEM32\WINMMBASE.dll
0x00007ff8cdfe0000 - 0x00007ff8ce02a000 	C:\Windows\System32\cfgmgr32.dll
0x00007ff8cfbf0000 - 0x00007ff8cfc5f000 	C:\Windows\System32\WS2_32.dll
0x00000000599d0000 - 0x00000000599df000 	C:\Program Files\Java\jdk1.8.0\jre\bin\verify.dll
0x0000000059950000 - 0x0000000059978000 	C:\Program Files\Java\jdk1.8.0\jre\bin\java.dll
0x0000000059930000 - 0x0000000059946000 	C:\Program Files\Java\jdk1.8.0\jre\bin\zip.dll
0x00007ff8c8c50000 - 0x00007ff8c8e44000 	C:\Windows\SYSTEM32\dbghelp.dll

VM Arguments:
jvm_args: -Dapplication.home=C:\Program Files\Java\jdk1.8.0 -Xms8m 
java_command: sun.tools.jps.Jps
java_class_path (initial): C:\Program Files\Java\jdk1.8.0/lib/tools.jar;C:\Program Files\Java\jdk1.8.0/classes
Launcher Type: SUN_STANDARD

Environment Variables:
JAVA_HOME=C:\Program Files\Java\jdk1.8.0
PATH=D:\XFTP\;D:\XShell\;C:\Program Files\PerkinElmerInformatics\ChemOffice2018\ChemScript\Lib;C:\Windows\system32;C:\Windows;C:\Windows\System32\Wbem;C:\Windows\System32\WindowsPowerShell\v1.0\;C:\Windows\System32\OpenSSH\;C:\Program Files (x86)\NVIDIA Corporation\PhysX\Common;C:\Program Files\NVIDIA Corporation\NVIDIA NvDLISR;C:\Program Files\Java\jdk1.8.0\bin;D:\Git\Git\cmd;C:\Program Files\MySQL\MySQL Server 8.0\bin;C:\Program Files\nodejs\;D:\maven\apache-maven-3.3.9\bin;C:\Users\gy136\AppData\Local\Programs\Python\Python38-32\Scripts\;C:\Users\gy136\AppData\Local\Programs\Python\Python38-32\;C:\Users\gy136\AppData\Local\Microsoft\WindowsApps;;D:\IDEA\IntelliJ IDEA 2019.2.4\bin;;C:\Users\gy136\AppData\Roaming\npm;D:\pyCharm\PyCharm 2018.3.5\bin;
USERNAME=gy136
OS=Windows_NT
PROCESSOR_IDENTIFIER=Intel64 Family 6 Model 142 Stepping 12, GenuineIntel



---------------  S Y S T E M  ---------------

OS: Windows 8.1 , 64 bit Build 9600 

CPU:total 8 (4 cores per cpu, 2 threads per core) family 6 model 142 stepping 12, cmov, cx8, fxsr, mmx, sse, sse2, sse3, ssse3, sse4.1, sse4.2, popcnt, avx, avx2, aes, clmul, erms, ht, tsc, tscinvbit

Memory: 4k page, physical 12407220k(1104408k free), swap 25514416k(5028k free)

vm_info: Java HotSpot(TM) 64-Bit Server VM (25.0-b70) for windows-amd64 JRE (1.8.0-b132), built on Mar  4 2014 03:46:18 by "java_re" with MS VC++ 10.0 (VS2010)

time: Wed Feb 12 00:20:07 2020
elapsed time: 0 seconds

